2024-10-07 11:15:47,089 INFO:Daily report email scheduler started.
2024-10-07 11:17:50,837 INFO:Email sent to techspaceerror404@gmail.com
2024-10-07 11:29:10,276 INFO:Daily report email scheduler started.
2024-10-07 11:35:20,505 INFO:Daily report email scheduler started.
2024-10-07 11:37:25,960 INFO:Email with attachment sent to techspaceerror404@gmail.com
2024-10-07 11:49:43,183 INFO:Daily report email scheduler started.
2024-10-07 11:51:48,972 INFO:Email with attachment sent to techspaceerror404@gmail.com
2024-10-07 12:14:14,441 INFO:Daily report email scheduler started.
2024-10-07 12:15:19,696 INFO:Email with attachment sent to techspaceerror404@gmail.com
2024-10-07 12:18:25,115 INFO:Daily report email scheduler started.
2024-10-07 12:18:38,690 INFO:Daily report email scheduler started.
2024-10-07 12:19:43,656 INFO:Email with attachment sent to techspaceerror404@gmail.com and CCed to awanzihassan1@gmail.com
2024-10-07 13:15:16,587 INFO:Daily report email scheduler started.
2024-10-07 14:26:27,259 INFO:Email with attachment sent to techspaceerror404@gmail.com and CCed to awanzihassan1@gmail.com
2024-10-07 17:00:17,269 INFO:Daily report email scheduler started.
2024-10-07 18:49:06,944 INFO:Daily report email scheduler started.
2024-10-07 18:50:12,907 INFO:Email with attachment sent to techspaceerror404@gmail.com and CCed to awanzihassan1@gmail.com
2024-10-07 22:43:41,579 INFO:Daily report email scheduler started.
2024-10-07 22:44:44,195 ERROR:Error sending email: 'NoneType' object has no attribute 'encode'
2024-10-07 22:48:50,524 INFO:Daily report email scheduler started.
2024-10-07 22:49:52,295 ERROR:Error sending email: 'NoneType' object has no attribute 'encode'
2024-10-07 22:55:12,372 INFO:Daily report email scheduler started.
2024-10-07 22:57:36,551 INFO:Daily report email scheduler started.
2024-10-07 22:58:39,924 ERROR:Error sending email: 'NoneType' object has no attribute 'encode'
